\BOOKMARK [1][-]{section.1}{Introduction}{}% 1
\BOOKMARK [1][-]{section.2}{Project Drivers}{}% 2
\BOOKMARK [2][-]{subsection.2.1}{The Purpose of the Project}{section.2}% 3
\BOOKMARK [2][-]{subsection.2.2}{The Client, The Customer, and Other Stakeholders}{section.2}% 4
\BOOKMARK [2][-]{subsection.2.3}{Users of the Product:}{section.2}% 5
\BOOKMARK [1][-]{section.3}{Project Constraints}{}% 6
\BOOKMARK [2][-]{subsection.3.1}{Mandated Constraints}{section.3}% 7
\BOOKMARK [2][-]{subsection.3.2}{Naming Conventions and Definitions}{section.3}% 8
\BOOKMARK [2][-]{subsection.3.3}{Relevant Facts and Assumptions}{section.3}% 9
\BOOKMARK [1][-]{section.4}{Functional Requirements}{}% 10
\BOOKMARK [2][-]{subsection.4.1}{The Scope of the Work}{section.4}% 11
\BOOKMARK [2][-]{subsection.4.2}{The Scope of the Service}{section.4}% 12
\BOOKMARK [2][-]{subsection.4.3}{Functional and Data Requirements }{section.4}% 13
\BOOKMARK [1][-]{section.5}{Nonfunctional Reqiurements}{}% 14
\BOOKMARK [2][-]{subsection.5.1}{Look and Feel Reqiurements}{section.5}% 15
\BOOKMARK [2][-]{subsection.5.2}{Usability and Humanity Reqiurements}{section.5}% 16
\BOOKMARK [2][-]{subsection.5.3}{Performance Requirements}{section.5}% 17
\BOOKMARK [2][-]{subsection.5.4}{Operational Requirements}{section.5}% 18
\BOOKMARK [2][-]{subsection.5.5}{Maintainability and Support Reuquirements}{section.5}% 19
\BOOKMARK [2][-]{subsection.5.6}{Security Requirements}{section.5}% 20
\BOOKMARK [2][-]{subsection.5.7}{Cultural and Political Requirements}{section.5}% 21
\BOOKMARK [2][-]{subsection.5.8}{Legal Requirements}{section.5}% 22
\BOOKMARK [1][-]{section.6}{Project Issues }{}% 23
\BOOKMARK [2][-]{subsection.6.1}{Open Issues}{section.6}% 24
\BOOKMARK [2][-]{subsection.6.2}{Off-the-Shelf Solutions}{section.6}% 25
\BOOKMARK [2][-]{subsection.6.3}{New Probelms}{section.6}% 26
\BOOKMARK [2][-]{subsection.6.4}{Tasks}{section.6}% 27
\BOOKMARK [2][-]{subsection.6.5}{Migration to the New Product}{section.6}% 28
\BOOKMARK [2][-]{subsection.6.6}{Risks}{section.6}% 29
\BOOKMARK [2][-]{subsection.6.7}{Costs}{section.6}% 30
\BOOKMARK [2][-]{subsection.6.8}{User Documentation and Training}{section.6}% 31
\BOOKMARK [1][-]{section.7}{Revision History}{}% 32
